Traceback (most recent call last):
  File "/opt/conda/lib/python3.12/site-packages/jupyter_core/utils/__init__.py", line 154, in wrapped
    asyncio.get_running_loop()
RuntimeError: no running event loop

During handling of the above exception, another exception occurred:

Traceback (most recent call last):
  File "/opt/conda/lib/python3.12/site-packages/jupyter_cache/executors/utils.py", line 58, in single_nb_execution
    executenb(
  File "/opt/conda/lib/python3.12/site-packages/nbclient/client.py", line 1319, in execute
    return NotebookClient(nb=nb, resources=resources, km=km, **kwargs).execute()
           ^^^^^^^^^^^^^^^^^^^^^^^^^^^^^^^^^^^^^^^^^^^^^^^^^^^^^^^^^^^^^^^^^^^^^
  File "/opt/conda/lib/python3.12/site-packages/jupyter_core/utils/__init__.py", line 158, in wrapped
    return loop.run_until_complete(inner)
           ^^^^^^^^^^^^^^^^^^^^^^^^^^^^^^
  File "/opt/conda/lib/python3.12/asyncio/base_events.py", line 691, in run_until_complete
    return future.result()
           ^^^^^^^^^^^^^^^
  File "/opt/conda/lib/python3.12/site-packages/nbclient/client.py", line 709, in async_execute
    await self.async_execute_cell(
  File "/opt/conda/lib/python3.12/site-packages/nbclient/client.py", line 1062, in async_execute_cell
    await self._check_raise_for_error(cell, cell_index, exec_reply)
  File "/opt/conda/lib/python3.12/site-packages/nbclient/client.py", line 918, in _check_raise_for_error
    raise CellExecutionError.from_cell_and_msg(cell, exec_reply_content)
nbclient.exceptions.CellExecutionError: An error occurred while executing the following cell:
------------------
%%bash
#--------------------------------------------
# FreeSurfer recon-all-clinical pipeline
#--------------------------------------------

set -euo pipefail  # Stop on unset variables or errors

#----------------------------
# Config
#----------------------------
INPUT_SCAN=./data/structural/mp2rage.nii.gz
SUBJECT_ID=TestSubject
THREADS=2 #adapt if more resources are available
SUBJECT_DIR=./data/structural/recon-all-clinical

# Ensure output folder exists
mkdir -p "$SUBJECT_DIR"
echo "SUBJECT_DIR=$SUBJECT_DIR"
echo "SUBJECT_ID=$SUBJECT_ID"
echo "INPUT_SCAN=$INPUT_SCAN"
echo

#----------------------------
# Allow deeper folder structures in some FreeSurfer builds
#----------------------------
export FS_ALLOW_DEEP=1
export SINGULARITYENV_FS_ALLOW_DEEP=1
export APPTAINERENV_FS_ALLOW_DEEP=1

#----------------------------
# Start pipeline
#----------------------------
# Remove previous "is-running" file if it exists
rm -f "$SUBJECT_DIR/$SUBJECT_ID/scripts/IsRunning.lh+rh"

# Run the actual recon-all-clinical pipeline
recon-all-clinical.sh "$INPUT_SCAN" "$SUBJECT_ID" "$THREADS" "$SUBJECT_DIR"

#----------------------------
# End message
#----------------------------
echo "----- recon-all-clinical.sh completed -----"
echo "Results saved to: $SUBJECT_DIR/$SUBJECT_ID"

------------------

----- stdout -----
SUBJECT_DIR=./data/structural/recon-all-clinical
SUBJECT_ID=TestSubject
----- stdout -----
INPUT_SCAN=./data/structural/mp2rage.nii.gz
----- stderr -----
bash: line 36: recon-all-clinical.sh: command not found
------------------

[31m---------------------------------------------------------------------------[39m
[31mCalledProcessError[39m                        Traceback (most recent call last)
[36mCell[39m[36m [39m[32mIn[8][39m[32m, line 1[39m
[32m----> [39m[32m1[39m [43mget_ipython[49m[43m([49m[43m)[49m[43m.[49m[43mrun_cell_magic[49m[43m([49m[33;43m'[39;49m[33;43mbash[39;49m[33;43m'[39;49m[43m,[49m[43m [49m[33;43m'[39;49m[33;43m'[39;49m[43m,[49m[43m [49m[33;43m'[39;49m[33;43m#--------------------------------------------[39;49m[38;5;130;43;01m\n[39;49;00m[33;43m# FreeSurfer recon-all-clinical pipeline[39;49m[38;5;130;43;01m\n[39;49;00m[33;43m#--------------------------------------------[39;49m[38;5;130;43;01m\n[39;49;00m[38;5;130;43;01m\n[39;49;00m[33;43mset -euo pipefail  # Stop on unset variables or errors[39;49m[38;5;130;43;01m\n[39;49;00m[38;5;130;43;01m\n[39;49;00m[33;43m#----------------------------[39;49m[38;5;130;43;01m\n[39;49;00m[33;43m# Config[39;49m[38;5;130;43;01m\n[39;49;00m[33;43m#----------------------------[39;49m[38;5;130;43;01m\n[39;49;00m[33;43mINPUT_SCAN=./data/structural/mp2rage.nii.gz[39;49m[38;5;130;43;01m\n[39;49;00m[33;43mSUBJECT_ID=TestSubject[39;49m[38;5;130;43;01m\n[39;49;00m[33;43mTHREADS=2 #adapt if more resources are available[39;49m[38;5;130;43;01m\n[39;49;00m[33;43mSUBJECT_DIR=./data/structural/recon-all-clinical[39;49m[38;5;130;43;01m\n[39;49;00m[38;5;130;43;01m\n[39;49;00m[33;43m# Ensure output folder exists[39;49m[38;5;130;43;01m\n[39;49;00m[33;43mmkdir -p [39;49m[33;43m"[39;49m[33;43m$SUBJECT_DIR[39;49m[33;43m"[39;49m[38;5;130;43;01m\n[39;49;00m[33;43mecho [39;49m[33;43m"[39;49m[33;43mSUBJECT_DIR=$SUBJECT_DIR[39;49m[33;43m"[39;49m[38;5;130;43;01m\n[39;49;00m[33;43mecho [39;49m[33;43m"[39;49m[33;43mSUBJECT_ID=$SUBJECT_ID[39;49m[33;43m"[39;49m[38;5;130;43;01m\n[39;49;00m[33;43mecho [39;49m[33;43m"[39;49m[33;43mINPUT_SCAN=$INPUT_SCAN[39;49m[33;43m"[39;49m[38;5;130;43;01m\n[39;49;00m[33;43mecho[39;49m[38;5;130;43;01m\n[39;49;00m[38;5;130;43;01m\n[39;49;00m[33;43m#----------------------------[39;49m[38;5;130;43;01m\n[39;49;00m[33;43m# Allow deeper folder structures in some FreeSurfer builds[39;49m[38;5;130;43;01m\n[39;49;00m[33;43m#----------------------------[39;49m[38;5;130;43;01m\n[39;49;00m[33;43mexport FS_ALLOW_DEEP=1[39;49m[38;5;130;43;01m\n[39;49;00m[33;43mexport SINGULARITYENV_FS_ALLOW_DEEP=1[39;49m[38;5;130;43;01m\n[39;49;00m[33;43mexport APPTAINERENV_FS_ALLOW_DEEP=1[39;49m[38;5;130;43;01m\n[39;49;00m[38;5;130;43;01m\n[39;49;00m[33;43m#----------------------------[39;49m[38;5;130;43;01m\n[39;49;00m[33;43m# Start pipeline[39;49m[38;5;130;43;01m\n[39;49;00m[33;43m#----------------------------[39;49m[38;5;130;43;01m\n[39;49;00m[33;43m# Remove previous [39;49m[33;43m"[39;49m[33;43mis-running[39;49m[33;43m"[39;49m[33;43m file if it exists[39;49m[38;5;130;43;01m\n[39;49;00m[33;43mrm -f [39;49m[33;43m"[39;49m[33;43m$SUBJECT_DIR/$SUBJECT_ID/scripts/IsRunning.lh+rh[39;49m[33;43m"[39;49m[38;5;130;43;01m\n[39;49;00m[38;5;130;43;01m\n[39;49;00m[33;43m# Run the actual recon-all-clinical pipeline[39;49m[38;5;130;43;01m\n[39;49;00m[33;43mrecon-all-clinical.sh [39;49m[33;43m"[39;49m[33;43m$INPUT_SCAN[39;49m[33;43m"[39;49m[33;43m [39;49m[33;43m"[39;49m[33;43m$SUBJECT_ID[39;49m[33;43m"[39;49m[33;43m [39;49m[33;43m"[39;49m[33;43m$THREADS[39;49m[33;43m"[39;49m[33;43m [39;49m[33;43m"[39;49m[33;43m$SUBJECT_DIR[39;49m[33;43m"[39;49m[38;5;130;43;01m\n[39;49;00m[38;5;130;43;01m\n[39;49;00m[33;43m#----------------------------[39;49m[38;5;130;43;01m\n[39;49;00m[33;43m# End message[39;49m[38;5;130;43;01m\n[39;49;00m[33;43m#----------------------------[39;49m[38;5;130;43;01m\n[39;49;00m[33;43mecho [39;49m[33;43m"[39;49m[33;43m----- recon-all-clinical.sh completed -----[39;49m[33;43m"[39;49m[38;5;130;43;01m\n[39;49;00m[33;43mecho [39;49m[33;43m"[39;49m[33;43mResults saved to: $SUBJECT_DIR/$SUBJECT_ID[39;49m[33;43m"[39;49m[38;5;130;43;01m\n[39;49;00m[33;43m'[39;49m[43m)[49m

[36mFile [39m[32m/opt/conda/lib/python3.12/site-packages/IPython/core/interactiveshell.py:2549[39m, in [36mInteractiveShell.run_cell_magic[39m[34m(self, magic_name, line, cell)[39m
[32m   2547[39m [38;5;28;01mwith[39;00m [38;5;28mself[39m.builtin_trap:
[32m   2548[39m     args = (magic_arg_s, cell)
[32m-> [39m[32m2549[39m     result = [43mfn[49m[43m([49m[43m*[49m[43margs[49m[43m,[49m[43m [49m[43m*[49m[43m*[49m[43mkwargs[49m[43m)[49m
[32m   2551[39m [38;5;66;03m# The code below prevents the output from being displayed[39;00m
[32m   2552[39m [38;5;66;03m# when using magics with decorator @output_can_be_silenced[39;00m
[32m   2553[39m [38;5;66;03m# when the last Python token in the expression is a ';'.[39;00m
[32m   2554[39m [38;5;28;01mif[39;00m [38;5;28mgetattr[39m(fn, magic.MAGIC_OUTPUT_CAN_BE_SILENCED, [38;5;28;01mFalse[39;00m):

[36mFile [39m[32m/opt/conda/lib/python3.12/site-packages/IPython/core/magics/script.py:159[39m, in [36mScriptMagics._make_script_magic.<locals>.named_script_magic[39m[34m(line, cell)[39m
[32m    157[39m [38;5;28;01melse[39;00m:
[32m    158[39m     line = script
[32m--> [39m[32m159[39m [38;5;28;01mreturn[39;00m [38;5;28;43mself[39;49m[43m.[49m[43mshebang[49m[43m([49m[43mline[49m[43m,[49m[43m [49m[43mcell[49m[43m)[49m

[36mFile [39m[32m/opt/conda/lib/python3.12/site-packages/IPython/core/magics/script.py:336[39m, in [36mScriptMagics.shebang[39m[34m(self, line, cell)[39m
[32m    331[39m [38;5;28;01mif[39;00m args.raise_error [38;5;129;01mand[39;00m p.returncode != [32m0[39m:
[32m    332[39m     [38;5;66;03m# If we get here and p.returncode is still None, we must have[39;00m
[32m    333[39m     [38;5;66;03m# killed it but not yet seen its return code. We don't wait for it,[39;00m
[32m    334[39m     [38;5;66;03m# in case it's stuck in uninterruptible sleep. -9 = SIGKILL[39;00m
[32m    335[39m     rc = p.returncode [38;5;129;01mor[39;00m -[32m9[39m
[32m--> [39m[32m336[39m     [38;5;28;01mraise[39;00m CalledProcessError(rc, cell)

[31mCalledProcessError[39m: Command 'b'#--------------------------------------------\n# FreeSurfer recon-all-clinical pipeline\n#--------------------------------------------\n\nset -euo pipefail  # Stop on unset variables or errors\n\n#----------------------------\n# Config\n#----------------------------\nINPUT_SCAN=./data/structural/mp2rage.nii.gz\nSUBJECT_ID=TestSubject\nTHREADS=2 #adapt if more resources are available\nSUBJECT_DIR=./data/structural/recon-all-clinical\n\n# Ensure output folder exists\nmkdir -p "$SUBJECT_DIR"\necho "SUBJECT_DIR=$SUBJECT_DIR"\necho "SUBJECT_ID=$SUBJECT_ID"\necho "INPUT_SCAN=$INPUT_SCAN"\necho\n\n#----------------------------\n# Allow deeper folder structures in some FreeSurfer builds\n#----------------------------\nexport FS_ALLOW_DEEP=1\nexport SINGULARITYENV_FS_ALLOW_DEEP=1\nexport APPTAINERENV_FS_ALLOW_DEEP=1\n\n#----------------------------\n# Start pipeline\n#----------------------------\n# Remove previous "is-running" file if it exists\nrm -f "$SUBJECT_DIR/$SUBJECT_ID/scripts/IsRunning.lh+rh"\n\n# Run the actual recon-all-clinical pipeline\nrecon-all-clinical.sh "$INPUT_SCAN" "$SUBJECT_ID" "$THREADS" "$SUBJECT_DIR"\n\n#----------------------------\n# End message\n#----------------------------\necho "----- recon-all-clinical.sh completed -----"\necho "Results saved to: $SUBJECT_DIR/$SUBJECT_ID"\n'' returned non-zero exit status 127.

